Dec 08, 2016 8:01:12 PM org.apache.catalina.startup.VersionLoggerListener log
INFO: Server version:        Apache Tomcat/7.0.61
Dec 08, 2016 8:01:12 PM org.apache.catalina.startup.VersionLoggerListener log
INFO: Server built:          Mar 27 2015 12:03:56 UTC
Dec 08, 2016 8:01:12 PM org.apache.catalina.startup.VersionLoggerListener log
INFO: Server number:         7.0.61.0
Dec 08, 2016 8:01:12 PM org.apache.catalina.startup.VersionLoggerListener log
INFO: OS Name:               Linux
Dec 08, 2016 8:01:12 PM org.apache.catalina.startup.VersionLoggerListener log
INFO: OS Version:            3.13.0-24-generic
Dec 08, 2016 8:01:12 PM org.apache.catalina.startup.VersionLoggerListener log
INFO: Architecture:          amd64
Dec 08, 2016 8:01:12 PM org.apache.catalina.startup.VersionLoggerListener log
INFO: Java Home:             /usr/local/java/jdk1.8.0_111/jre
Dec 08, 2016 8:01:13 PM org.apache.catalina.startup.VersionLoggerListener log
INFO: JVM Version:           1.8.0_111-b14
Dec 08, 2016 8:01:13 PM org.apache.catalina.startup.VersionLoggerListener log
INFO: JVM Vendor:            Oracle Corporation
Dec 08, 2016 8:01:13 PM org.apache.catalina.startup.VersionLoggerListener log
INFO: CATALINA_BASE:         /usr/share/tomcat
Dec 08, 2016 8:01:13 PM org.apache.catalina.startup.VersionLoggerListener log
INFO: CATALINA_HOME:         /usr/share/tomcat
Dec 08, 2016 8:01:13 PM org.apache.catalina.startup.VersionLoggerListener log
INFO: Command line argument: -Djava.util.logging.config.file=/usr/share/tomcat/conf/logging.properties
Dec 08, 2016 8:01:13 PM org.apache.catalina.startup.VersionLoggerListener log
INFO: Command line argument: -Djava.util.logging.manager=org.apache.juli.ClassLoaderLogManager
Dec 08, 2016 8:01:13 PM org.apache.catalina.startup.VersionLoggerListener log
INFO: Command line argument: -Djava.endorsed.dirs=/usr/share/tomcat/endorsed
Dec 08, 2016 8:01:13 PM org.apache.catalina.startup.VersionLoggerListener log
INFO: Command line argument: -Dcatalina.base=/usr/share/tomcat
Dec 08, 2016 8:01:13 PM org.apache.catalina.startup.VersionLoggerListener log
INFO: Command line argument: -Dcatalina.home=/usr/share/tomcat
Dec 08, 2016 8:01:13 PM org.apache.catalina.startup.VersionLoggerListener log
INFO: Command line argument: -Djava.io.tmpdir=/usr/share/tomcat/temp
Dec 08, 2016 8:01:13 PM org.apache.catalina.core.AprLifecycleListener lifecycleEvent
INFO: The APR based Apache Tomcat Native library which allows optimal performance in production environments was not found on the java.library.path: /usr/java/packages/lib/amd64:/usr/lib64:/lib64:/lib:/usr/lib
Dec 08, 2016 8:01:13 PM org.apache.coyote.AbstractProtocol init
INFO: Initializing ProtocolHandler ["http-bio-8080"]
Dec 08, 2016 8:01:13 PM org.apache.coyote.AbstractProtocol init
INFO: Initializing ProtocolHandler ["ajp-bio-8009"]
Dec 08, 2016 8:01:13 PM org.apache.catalina.startup.Catalina load
INFO: Initialization processed in 697 ms
Dec 08, 2016 8:01:13 PM org.apache.catalina.core.StandardService startInternal
INFO: Starting service Catalina
Dec 08, 2016 8:01:13 PM org.apache.catalina.core.StandardEngine startInternal
INFO: Starting Servlet Engine: Apache Tomcat/7.0.61
Dec 08, 2016 8:01:13 PM org.apache.catalina.startup.HostConfig deployDirectory
INFO: Deploying web application directory /home/daksha/ansible_demo/apache-tomcat-7.0.61/webapps/ROOT
Dec 08, 2016 8:01:13 PM org.apache.catalina.startup.HostConfig deployDirectory
INFO: Deployment of web application directory /home/daksha/ansible_demo/apache-tomcat-7.0.61/webapps/ROOT has finished in 380 ms
Dec 08, 2016 8:01:13 PM org.apache.catalina.startup.HostConfig deployDirectory
INFO: Deploying web application directory /home/daksha/ansible_demo/apache-tomcat-7.0.61/webapps/examples
Dec 08, 2016 8:01:13 PM org.apache.catalina.startup.HostConfig deployDirectory
INFO: Deployment of web application directory /home/daksha/ansible_demo/apache-tomcat-7.0.61/webapps/examples has finished in 362 ms
Dec 08, 2016 8:01:13 PM org.apache.catalina.startup.HostConfig deployDirectory
INFO: Deploying web application directory /home/daksha/ansible_demo/apache-tomcat-7.0.61/webapps/manager
Dec 08, 2016 8:01:14 PM org.apache.catalina.startup.HostConfig deployDirectory
INFO: Deployment of web application directory /home/daksha/ansible_demo/apache-tomcat-7.0.61/webapps/manager has finished in 68 ms
Dec 08, 2016 8:01:14 PM org.apache.catalina.startup.HostConfig deployDirectory
INFO: Deploying web application directory /home/daksha/ansible_demo/apache-tomcat-7.0.61/webapps/host-manager
Dec 08, 2016 8:01:14 PM org.apache.catalina.startup.HostConfig deployDirectory
INFO: Deployment of web application directory /home/daksha/ansible_demo/apache-tomcat-7.0.61/webapps/host-manager has finished in 58 ms
Dec 08, 2016 8:01:14 PM org.apache.catalina.startup.HostConfig deployDirectory
INFO: Deploying web application directory /home/daksha/ansible_demo/apache-tomcat-7.0.61/webapps/docs
Dec 08, 2016 8:01:14 PM org.apache.catalina.startup.HostConfig deployDirectory
INFO: Deployment of web application directory /home/daksha/ansible_demo/apache-tomcat-7.0.61/webapps/docs has finished in 49 ms
Dec 08, 2016 8:01:14 PM org.apache.coyote.AbstractProtocol start
INFO: Starting ProtocolHandler ["http-bio-8080"]
Dec 08, 2016 8:01:14 PM org.apache.coyote.AbstractProtocol start
INFO: Starting ProtocolHandler ["ajp-bio-8009"]
Dec 08, 2016 8:01:14 PM org.apache.catalina.startup.Catalina start
INFO: Server startup in 982 ms
Dec 08, 2016 8:05:49 PM org.apache.catalina.startup.VersionLoggerListener log
INFO: Server version:        Apache Tomcat/7.0.61
Dec 08, 2016 8:05:49 PM org.apache.catalina.startup.VersionLoggerListener log
INFO: Server built:          Mar 27 2015 12:03:56 UTC
Dec 08, 2016 8:05:49 PM org.apache.catalina.startup.VersionLoggerListener log
INFO: Server number:         7.0.61.0
Dec 08, 2016 8:05:49 PM org.apache.catalina.startup.VersionLoggerListener log
INFO: OS Name:               Linux
Dec 08, 2016 8:05:49 PM org.apache.catalina.startup.VersionLoggerListener log
INFO: OS Version:            3.13.0-24-generic
Dec 08, 2016 8:05:49 PM org.apache.catalina.startup.VersionLoggerListener log
INFO: Architecture:          amd64
Dec 08, 2016 8:05:49 PM org.apache.catalina.startup.VersionLoggerListener log
INFO: Java Home:             /usr/local/java/jdk1.8.0_111/jre
Dec 08, 2016 8:05:49 PM org.apache.catalina.startup.VersionLoggerListener log
INFO: JVM Version:           1.8.0_111-b14
Dec 08, 2016 8:05:49 PM org.apache.catalina.startup.VersionLoggerListener log
INFO: JVM Vendor:            Oracle Corporation
Dec 08, 2016 8:05:49 PM org.apache.catalina.startup.VersionLoggerListener log
INFO: CATALINA_BASE:         /usr/share/tomcat
Dec 08, 2016 8:05:49 PM org.apache.catalina.startup.VersionLoggerListener log
INFO: CATALINA_HOME:         /usr/share/tomcat
Dec 08, 2016 8:05:49 PM org.apache.catalina.startup.VersionLoggerListener log
INFO: Command line argument: -Djava.util.logging.config.file=/usr/share/tomcat/conf/logging.properties
Dec 08, 2016 8:05:49 PM org.apache.catalina.startup.VersionLoggerListener log
INFO: Command line argument: -Djava.util.logging.manager=org.apache.juli.ClassLoaderLogManager
Dec 08, 2016 8:05:49 PM org.apache.catalina.startup.VersionLoggerListener log
INFO: Command line argument: -Djava.endorsed.dirs=/usr/share/tomcat/endorsed
Dec 08, 2016 8:05:49 PM org.apache.catalina.startup.VersionLoggerListener log
INFO: Command line argument: -Dcatalina.base=/usr/share/tomcat
Dec 08, 2016 8:05:49 PM org.apache.catalina.startup.VersionLoggerListener log
INFO: Command line argument: -Dcatalina.home=/usr/share/tomcat
Dec 08, 2016 8:05:49 PM org.apache.catalina.startup.VersionLoggerListener log
INFO: Command line argument: -Djava.io.tmpdir=/usr/share/tomcat/temp
Dec 08, 2016 8:05:49 PM org.apache.catalina.core.AprLifecycleListener lifecycleEvent
INFO: The APR based Apache Tomcat Native library which allows optimal performance in production environments was not found on the java.library.path: /usr/java/packages/lib/amd64:/usr/lib64:/lib64:/lib:/usr/lib
Dec 08, 2016 8:05:49 PM org.apache.coyote.AbstractProtocol init
INFO: Initializing ProtocolHandler ["http-bio-8080"]
Dec 08, 2016 8:05:49 PM org.apache.coyote.AbstractProtocol init
SEVERE: Failed to initialize end point associated with ProtocolHandler ["http-bio-8080"]
java.net.BindException: Address already in use (Bind failed) <null>:8080
	at org.apache.tomcat.util.net.JIoEndpoint.bind(JIoEndpoint.java:413)
	at org.apache.tomcat.util.net.AbstractEndpoint.init(AbstractEndpoint.java:649)
	at org.apache.coyote.AbstractProtocol.init(AbstractProtocol.java:434)
	at org.apache.coyote.http11.AbstractHttp11JsseProtocol.init(AbstractHttp11JsseProtocol.java:119)
	at org.apache.catalina.connector.Connector.initInternal(Connector.java:978)
	at org.apache.catalina.util.LifecycleBase.init(LifecycleBase.java:102)
	at org.apache.catalina.core.StandardService.initInternal(StandardService.java:559)
	at org.apache.catalina.util.LifecycleBase.init(LifecycleBase.java:102)
	at org.apache.catalina.core.StandardServer.initInternal(StandardServer.java:821)
	at org.apache.catalina.util.LifecycleBase.init(LifecycleBase.java:102)
	at org.apache.catalina.startup.Catalina.load(Catalina.java:638)
	at org.apache.catalina.startup.Catalina.load(Catalina.java:663)
	at sun.reflect.NativeMethodAccessorImpl.invoke0(Native Method)
	at sun.reflect.NativeMethodAccessorImpl.invoke(NativeMethodAccessorImpl.java:62)
	at sun.reflect.DelegatingMethodAccessorImpl.invoke(DelegatingMethodAccessorImpl.java:43)
	at java.lang.reflect.Method.invoke(Method.java:498)
	at org.apache.catalina.startup.Bootstrap.load(Bootstrap.java:280)
	at org.apache.catalina.startup.Bootstrap.main(Bootstrap.java:454)
Caused by: java.net.BindException: Address already in use (Bind failed)
	at java.net.PlainSocketImpl.socketBind(Native Method)
	at java.net.AbstractPlainSocketImpl.bind(AbstractPlainSocketImpl.java:387)
	at java.net.ServerSocket.bind(ServerSocket.java:375)
	at java.net.ServerSocket.<init>(ServerSocket.java:237)
	at java.net.ServerSocket.<init>(ServerSocket.java:181)
	at org.apache.tomcat.util.net.DefaultServerSocketFactory.createSocket(DefaultServerSocketFactory.java:49)
	at org.apache.tomcat.util.net.JIoEndpoint.bind(JIoEndpoint.java:400)
	... 17 more

Dec 08, 2016 8:05:49 PM org.apache.catalina.core.StandardService initInternal
SEVERE: Failed to initialize connector [Connector[HTTP/1.1-8080]]
org.apache.catalina.LifecycleException: Failed to initialize component [Connector[HTTP/1.1-8080]]
	at org.apache.catalina.util.LifecycleBase.init(LifecycleBase.java:106)
	at org.apache.catalina.core.StandardService.initInternal(StandardService.java:559)
	at org.apache.catalina.util.LifecycleBase.init(LifecycleBase.java:102)
	at org.apache.catalina.core.StandardServer.initInternal(StandardServer.java:821)
	at org.apache.catalina.util.LifecycleBase.init(LifecycleBase.java:102)
	at org.apache.catalina.startup.Catalina.load(Catalina.java:638)
	at org.apache.catalina.startup.Catalina.load(Catalina.java:663)
	at sun.reflect.NativeMethodAccessorImpl.invoke0(Native Method)
	at sun.reflect.NativeMethodAccessorImpl.invoke(NativeMethodAccessorImpl.java:62)
	at sun.reflect.DelegatingMethodAccessorImpl.invoke(DelegatingMethodAccessorImpl.java:43)
	at java.lang.reflect.Method.invoke(Method.java:498)
	at org.apache.catalina.startup.Bootstrap.load(Bootstrap.java:280)
	at org.apache.catalina.startup.Bootstrap.main(Bootstrap.java:454)
Caused by: org.apache.catalina.LifecycleException: Protocol handler initialization failed
	at org.apache.catalina.connector.Connector.initInternal(Connector.java:980)
	at org.apache.catalina.util.LifecycleBase.init(LifecycleBase.java:102)
	... 12 more
Caused by: java.net.BindException: Address already in use (Bind failed) <null>:8080
	at org.apache.tomcat.util.net.JIoEndpoint.bind(JIoEndpoint.java:413)
	at org.apache.tomcat.util.net.AbstractEndpoint.init(AbstractEndpoint.java:649)
	at org.apache.coyote.AbstractProtocol.init(AbstractProtocol.java:434)
	at org.apache.coyote.http11.AbstractHttp11JsseProtocol.init(AbstractHttp11JsseProtocol.java:119)
	at org.apache.catalina.connector.Connector.initInternal(Connector.java:978)
	... 13 more
Caused by: java.net.BindException: Address already in use (Bind failed)
	at java.net.PlainSocketImpl.socketBind(Native Method)
	at java.net.AbstractPlainSocketImpl.bind(AbstractPlainSocketImpl.java:387)
	at java.net.ServerSocket.bind(ServerSocket.java:375)
	at java.net.ServerSocket.<init>(ServerSocket.java:237)
	at java.net.ServerSocket.<init>(ServerSocket.java:181)
	at org.apache.tomcat.util.net.DefaultServerSocketFactory.createSocket(DefaultServerSocketFactory.java:49)
	at org.apache.tomcat.util.net.JIoEndpoint.bind(JIoEndpoint.java:400)
	... 17 more

Dec 08, 2016 8:05:49 PM org.apache.coyote.AbstractProtocol init
INFO: Initializing ProtocolHandler ["ajp-bio-8009"]
Dec 08, 2016 8:05:49 PM org.apache.coyote.AbstractProtocol init
SEVERE: Failed to initialize end point associated with ProtocolHandler ["ajp-bio-8009"]
java.net.BindException: Address already in use (Bind failed) <null>:8009
	at org.apache.tomcat.util.net.JIoEndpoint.bind(JIoEndpoint.java:413)
	at org.apache.tomcat.util.net.AbstractEndpoint.init(AbstractEndpoint.java:649)
	at org.apache.coyote.AbstractProtocol.init(AbstractProtocol.java:434)
	at org.apache.catalina.connector.Connector.initInternal(Connector.java:978)
	at org.apache.catalina.util.LifecycleBase.init(LifecycleBase.java:102)
	at org.apache.catalina.core.StandardService.initInternal(StandardService.java:559)
	at org.apache.catalina.util.LifecycleBase.init(LifecycleBase.java:102)
	at org.apache.catalina.core.StandardServer.initInternal(StandardServer.java:821)
	at org.apache.catalina.util.LifecycleBase.init(LifecycleBase.java:102)
	at org.apache.catalina.startup.Catalina.load(Catalina.java:638)
	at org.apache.catalina.startup.Catalina.load(Catalina.java:663)
	at sun.reflect.NativeMethodAccessorImpl.invoke0(Native Method)
	at sun.reflect.NativeMethodAccessorImpl.invoke(NativeMethodAccessorImpl.java:62)
	at sun.reflect.DelegatingMethodAccessorImpl.invoke(DelegatingMethodAccessorImpl.java:43)
	at java.lang.reflect.Method.invoke(Method.java:498)
	at org.apache.catalina.startup.Bootstrap.load(Bootstrap.java:280)
	at org.apache.catalina.startup.Bootstrap.main(Bootstrap.java:454)
Caused by: java.net.BindException: Address already in use (Bind failed)
	at java.net.PlainSocketImpl.socketBind(Native Method)
	at java.net.AbstractPlainSocketImpl.bind(AbstractPlainSocketImpl.java:387)
	at java.net.ServerSocket.bind(ServerSocket.java:375)
	at java.net.ServerSocket.<init>(ServerSocket.java:237)
	at java.net.ServerSocket.<init>(ServerSocket.java:181)
	at org.apache.tomcat.util.net.DefaultServerSocketFactory.createSocket(DefaultServerSocketFactory.java:49)
	at org.apache.tomcat.util.net.JIoEndpoint.bind(JIoEndpoint.java:400)
	... 16 more

Dec 08, 2016 8:05:49 PM org.apache.catalina.core.StandardService initInternal
SEVERE: Failed to initialize connector [Connector[AJP/1.3-8009]]
org.apache.catalina.LifecycleException: Failed to initialize component [Connector[AJP/1.3-8009]]
	at org.apache.catalina.util.LifecycleBase.init(LifecycleBase.java:106)
	at org.apache.catalina.core.StandardService.initInternal(StandardService.java:559)
	at org.apache.catalina.util.LifecycleBase.init(LifecycleBase.java:102)
	at org.apache.catalina.core.StandardServer.initInternal(StandardServer.java:821)
	at org.apache.catalina.util.LifecycleBase.init(LifecycleBase.java:102)
	at org.apache.catalina.startup.Catalina.load(Catalina.java:638)
	at org.apache.catalina.startup.Catalina.load(Catalina.java:663)
	at sun.reflect.NativeMethodAccessorImpl.invoke0(Native Method)
	at sun.reflect.NativeMethodAccessorImpl.invoke(NativeMethodAccessorImpl.java:62)
	at sun.reflect.DelegatingMethodAccessorImpl.invoke(DelegatingMethodAccessorImpl.java:43)
	at java.lang.reflect.Method.invoke(Method.java:498)
	at org.apache.catalina.startup.Bootstrap.load(Bootstrap.java:280)
	at org.apache.catalina.startup.Bootstrap.main(Bootstrap.java:454)
Caused by: org.apache.catalina.LifecycleException: Protocol handler initialization failed
	at org.apache.catalina.connector.Connector.initInternal(Connector.java:980)
	at org.apache.catalina.util.LifecycleBase.init(LifecycleBase.java:102)
	... 12 more
Caused by: java.net.BindException: Address already in use (Bind failed) <null>:8009
	at org.apache.tomcat.util.net.JIoEndpoint.bind(JIoEndpoint.java:413)
	at org.apache.tomcat.util.net.AbstractEndpoint.init(AbstractEndpoint.java:649)
	at org.apache.coyote.AbstractProtocol.init(AbstractProtocol.java:434)
	at org.apache.catalina.connector.Connector.initInternal(Connector.java:978)
	... 13 more
Caused by: java.net.BindException: Address already in use (Bind failed)
	at java.net.PlainSocketImpl.socketBind(Native Method)
	at java.net.AbstractPlainSocketImpl.bind(AbstractPlainSocketImpl.java:387)
	at java.net.ServerSocket.bind(ServerSocket.java:375)
	at java.net.ServerSocket.<init>(ServerSocket.java:237)
	at java.net.ServerSocket.<init>(ServerSocket.java:181)
	at org.apache.tomcat.util.net.DefaultServerSocketFactory.createSocket(DefaultServerSocketFactory.java:49)
	at org.apache.tomcat.util.net.JIoEndpoint.bind(JIoEndpoint.java:400)
	... 16 more

Dec 08, 2016 8:05:49 PM org.apache.catalina.startup.Catalina load
INFO: Initialization processed in 689 ms
Dec 08, 2016 8:05:49 PM org.apache.catalina.core.StandardService startInternal
INFO: Starting service Catalina
Dec 08, 2016 8:05:49 PM org.apache.catalina.core.StandardEngine startInternal
INFO: Starting Servlet Engine: Apache Tomcat/7.0.61
Dec 08, 2016 8:05:49 PM org.apache.catalina.startup.HostConfig deployDirectory
INFO: Deploying web application directory /home/daksha/ansible_demo/apache-tomcat-7.0.61/webapps/ROOT
Dec 08, 2016 8:05:49 PM org.apache.catalina.startup.HostConfig deployDirectory
INFO: Deployment of web application directory /home/daksha/ansible_demo/apache-tomcat-7.0.61/webapps/ROOT has finished in 357 ms
Dec 08, 2016 8:05:49 PM org.apache.catalina.startup.HostConfig deployDirectory
INFO: Deploying web application directory /home/daksha/ansible_demo/apache-tomcat-7.0.61/webapps/examples
Dec 08, 2016 8:05:50 PM org.apache.catalina.startup.HostConfig deployDirectory
INFO: Deployment of web application directory /home/daksha/ansible_demo/apache-tomcat-7.0.61/webapps/examples has finished in 328 ms
Dec 08, 2016 8:05:50 PM org.apache.catalina.startup.HostConfig deployDirectory
INFO: Deploying web application directory /home/daksha/ansible_demo/apache-tomcat-7.0.61/webapps/manager
Dec 08, 2016 8:05:50 PM org.apache.catalina.startup.HostConfig deployDirectory
INFO: Deployment of web application directory /home/daksha/ansible_demo/apache-tomcat-7.0.61/webapps/manager has finished in 60 ms
Dec 08, 2016 8:05:50 PM org.apache.catalina.startup.HostConfig deployDirectory
INFO: Deploying web application directory /home/daksha/ansible_demo/apache-tomcat-7.0.61/webapps/host-manager
Dec 08, 2016 8:05:50 PM org.apache.catalina.startup.HostConfig deployDirectory
INFO: Deployment of web application directory /home/daksha/ansible_demo/apache-tomcat-7.0.61/webapps/host-manager has finished in 53 ms
Dec 08, 2016 8:05:50 PM org.apache.catalina.startup.HostConfig deployDirectory
INFO: Deploying web application directory /home/daksha/ansible_demo/apache-tomcat-7.0.61/webapps/docs
Dec 08, 2016 8:05:50 PM org.apache.catalina.startup.HostConfig deployDirectory
INFO: Deployment of web application directory /home/daksha/ansible_demo/apache-tomcat-7.0.61/webapps/docs has finished in 45 ms
Dec 08, 2016 8:05:50 PM org.apache.catalina.startup.Catalina start
INFO: Server startup in 898 ms
Dec 08, 2016 8:05:50 PM org.apache.catalina.core.StandardServer await
SEVERE: StandardServer.await: create[localhost:8005]: 
java.net.BindException: Address already in use (Bind failed)
	at java.net.PlainSocketImpl.socketBind(Native Method)
	at java.net.AbstractPlainSocketImpl.bind(AbstractPlainSocketImpl.java:387)
	at java.net.ServerSocket.bind(ServerSocket.java:375)
	at java.net.ServerSocket.<init>(ServerSocket.java:237)
	at org.apache.catalina.core.StandardServer.await(StandardServer.java:427)
	at org.apache.catalina.startup.Catalina.await(Catalina.java:777)
	at org.apache.catalina.startup.Catalina.start(Catalina.java:723)
	at sun.reflect.NativeMethodAccessorImpl.invoke0(Native Method)
	at sun.reflect.NativeMethodAccessorImpl.invoke(NativeMethodAccessorImpl.java:62)
	at sun.reflect.DelegatingMethodAccessorImpl.invoke(DelegatingMethodAccessorImpl.java:43)
	at java.lang.reflect.Method.invoke(Method.java:498)
	at org.apache.catalina.startup.Bootstrap.start(Bootstrap.java:321)
	at org.apache.catalina.startup.Bootstrap.main(Bootstrap.java:455)

Dec 08, 2016 8:05:50 PM org.apache.coyote.AbstractProtocol pause
INFO: Pausing ProtocolHandler ["http-bio-8080"]
Dec 08, 2016 8:05:50 PM org.apache.coyote.AbstractProtocol pause
INFO: Pausing ProtocolHandler ["ajp-bio-8009"]
Dec 08, 2016 8:05:50 PM org.apache.catalina.core.StandardService stopInternal
INFO: Stopping service Catalina
Dec 08, 2016 8:05:50 PM org.apache.coyote.AbstractProtocol stop
INFO: Stopping ProtocolHandler ["http-bio-8080"]
Dec 08, 2016 8:05:50 PM org.apache.coyote.AbstractProtocol destroy
INFO: Destroying ProtocolHandler ["http-bio-8080"]
Dec 08, 2016 8:05:50 PM org.apache.coyote.AbstractProtocol stop
INFO: Stopping ProtocolHandler ["ajp-bio-8009"]
Dec 08, 2016 8:05:50 PM org.apache.coyote.AbstractProtocol destroy
INFO: Destroying ProtocolHandler ["ajp-bio-8009"]
